<?xml version="1.0" encoding="UTF-8"?>
<!-- Generated by org.testng.reporters.JUnitXMLReporter -->
<testsuite ignored="0" hostname="DESKTOP-A9FOETM" failures="0" tests="3" name="Default test" time="14.237" errors="0" timestamp="2025-05-01T18:31:38 IST">
  <testcase classname="Capstone.RESTAssured.APITest" name="validateTitle" time="7.648"/>
  <testcase classname="Capstone.RESTAssured.APITest" name="validateTitle" time="1.028"/>
  <testcase classname="Capstone.RESTAssured.APITest" name="validateTitle" time="0.815"/>
</testsuite> <!-- Default test -->
