<?xml version="1.0" encoding="UTF-8"?>
<!-- Generated by org.testng.reporters.JUnitReportReporter -->
<testsuite hostname="DESKTOP-A9FOETM" failures="0" tests="3" name="Capstone.RESTAssured.APITest" time="9.491" errors="0" timestamp="2025-05-01T18:31:39 IST" skipped="0">
  <testcase classname="Capstone.RESTAssured.APITest" name="validateTitle" time="1.028"/>
  <system-out/>
  <testcase classname="Capstone.RESTAssured.APITest" name="validateTitle" time="0.815"/>
  <system-out/>
  <testcase classname="Capstone.RESTAssured.APITest" name="validateTitle" time="7.648"/>
  <system-out/>
</testsuite> <!-- Capstone.RESTAssured.APITest -->
