<?xml version="1.0" encoding="UTF-8"?>
<testng-results ignored="0" total="3" passed="3" failed="0" skipped="0">
  <reporter-output>
  </reporter-output>
  <suite started-at="2025-05-01T18:31:24 IST" name="Default suite" finished-at="2025-05-01T18:31:38 IST" duration-ms="14237">
    <groups>
    </groups>
    <test started-at="2025-05-01T18:31:24 IST" name="Default test" finished-at="2025-05-01T18:31:38 IST" duration-ms="14237">
      <class name="Capstone.RESTAssured.APITest">
        <test-method signature="validateTitle(java.lang.String)[pri:0, instance:Capstone.RESTAssured.APITest@6302bbb1]" started-at="2025-05-01T18:31:29 IST" name="validateTitle" data-provider="excelData" finished-at="2025-05-01T18:31:36 IST" duration-ms="7648" status="PASS">
          <params>
            <param index="0">
              <value>
                <![CDATA[germany]]>
              </value>
            </param>
          </params>
          <reporter-output>
          </reporter-output>
        </test-method> <!-- validateTitle -->
        <test-method signature="validateTitle(java.lang.String)[pri:0, instance:Capstone.RESTAssured.APITest@6302bbb1]" started-at="2025-05-01T18:31:36 IST" name="validateTitle" data-provider="excelData" finished-at="2025-05-01T18:31:37 IST" duration-ms="1028" status="PASS">
          <params>
            <param index="0">
              <value>
                <![CDATA[alemania]]>
              </value>
            </param>
          </params>
          <reporter-output>
          </reporter-output>
        </test-method> <!-- validateTitle -->
        <test-method signature="validateTitle(java.lang.String)[pri:0, instance:Capstone.RESTAssured.APITest@6302bbb1]" started-at="2025-05-01T18:31:38 IST" name="validateTitle" data-provider="excelData" finished-at="2025-05-01T18:31:38 IST" duration-ms="815" status="PASS">
          <params>
            <param index="0">
              <value>
                <![CDATA[Saksamaa]]>
              </value>
            </param>
          </params>
          <reporter-output>
          </reporter-output>
        </test-method> <!-- validateTitle -->
      </class> <!-- Capstone.RESTAssured.APITest -->
    </test> <!-- Default test -->
  </suite> <!-- Default suite -->
</testng-results>
